


ARM Macro Assembler    Page 1 


    1 00000000                 AREA             PROGRAM,CODE,READONLY
    2 00000000                 ENTRY
    3 00000000         MAIN
    4 00000000         
    5 00000000 E3A01070        MOV              R1, #0x0070
    6 00000004 E3A02074        MOV              R2, #0x0074
    7 00000008 E5913000        LDR              R3, [R1]
    8 0000000C E5924000        LDR              R4, [R2]
    9 00000010 E0830004        ADD              R0, R3, R4
   10 00000014 EF000011        SWI              &11
   11 00000018         
   12 00000018                 END
Command Line: --debug --xref --apcs=interwork --depend=.\32_bit_indirect_addres
sing_addition.d -o.\32_bit_indirect_addressing_addition.o -IC:\Keil_v4\ARM\RV31
\INC -IC:\Keil_v4\ARM\CMSIS\Include -IC:\Keil_v4\ARM\Inc\Philips --predefine="_
_EVAL SETA 1" --list=.\32_bit_indirect_addressing_addition.lst 32_bit_indirect_
addressing_addition.s



ARM Macro Assembler    Page 1 Alphabetic symbol ordering
Relocatable symbols

MAIN 00000000

Symbol: MAIN
   Definitions
      At line 3 in file 32_bit_indirect_addressing_addition.s
   Uses
      None
Comment: MAIN unused
PROGRAM 00000000

Symbol: PROGRAM
   Definitions
      At line 1 in file 32_bit_indirect_addressing_addition.s
   Uses
      None
Comment: PROGRAM unused
2 symbols
333 symbols in table
