


ARM Macro Assembler    Page 1 


    1 00000000         ;Instructions ADDS and ADC, add a 64-bit integer contain
                       ed
    2 00000000         ;in r2 and r3 to another 64-bit integer
    3 00000000         ;contained in r0 and r1, and place the result in r4 and 
                       r5. 
    4 00000000         
    5 00000000                 AREA             PROGRAM,CODE,READONLY
    6 00000000                 ENTRY
    7 00000000         MAIN
    8 00000000         
    9 00000000 E3A00070        MOV              R0, #0x00000070
   10 00000004 E3A01207        MOV              R1, #0x70000000
   11 00000008 E3A02010        MOV              R2, #0x00000010
   12 0000000C E3A03010        MOV              R3, #0x00000010
   13 00000010 E0904002        ADDS             R4, R0, R2  ;ADD doesn't update
                                                             flags. ADDS does. 
                                                            If S is specified, 
                                                            these instructions 
                                                            update the N, Z, C 
                                                            and V flags accordi
                                                            ng to the result.
   14 00000014 E0A15003        ADC              R5, R1, R3  ;Add with the carry
                                                             
   15 00000018 EF000011        SWI              &11
   16 0000001C                 END
Command Line: --debug --xref --apcs=interwork --depend=.\arm_64_bit_addition.d 
-o.\arm_64_bit_addition.o -IC:\Keil107\ARM\RV31\INC -IC:\Keil107\ARM\CMSIS\Incl
ude -IC:\Keil107\ARM\Inc\Philips --predefine="__EVAL SETA 1" --list=.\arm_64_bi
t_addition.lst ARM_64_bit_addition.s



ARM Macro Assembler    Page 1 Alphabetic symbol ordering
Relocatable symbols

MAIN 00000000

Symbol: MAIN
   Definitions
      At line 7 in file ARM_64_bit_addition.s
   Uses
      None
Comment: MAIN unused
PROGRAM 00000000

Symbol: PROGRAM
   Definitions
      At line 5 in file ARM_64_bit_addition.s
   Uses
      None
Comment: PROGRAM unused
2 symbols
333 symbols in table
